<?xml version="1.0" encoding="UTF-8"?>
<!-- Generated by org.testng.reporters.JUnitReportReporter -->
<testsuite hostname="Santoshs-MacBook-Pro.local" failures="0" tests="4" name="SeleniumTraning.tests.StandAlonePageObjectTest" time="54.763" errors="0" timestamp="2024-02-27T02:37:05 CST" skipped="0">
  <testcase classname="SeleniumTraning.tests.StandAlonePageObjectTest" name="purchaseOrderValidation" time="5.402"/>
  <system-out/>
  <testcase classname="SeleniumTraning.tests.StandAlonePageObjectTest" name="submitOrder" time="20.889"/>
  <system-out/>
  <testcase classname="SeleniumTraning.tests.StandAlonePageObjectTest" name="submitOrder" time="20.627"/>
  <system-out/>
  <testcase classname="SeleniumTraning.tests.StandAlonePageObjectTest" name="purchaseOrderValidation" time="7.845"/>
  <system-out/>
</testsuite> <!-- SeleniumTraning.tests.StandAlonePageObjectTest -->
