<?xml version="1.0" encoding="UTF-8"?>
<!-- Generated by org.testng.reporters.JUnitReportReporter -->
<testsuite hostname="Santoshs-MacBook-Pro.local" failures="0" tests="4" name="SeleniumTraning.tests.EcommerceApplicationTests" time="61.971" errors="0" timestamp="2024-03-05T22:50:43 CST" skipped="0">
  <testcase classname="SeleniumTraning.tests.EcommerceApplicationTests" name="purchaseOrderValidation" time="6.767"/>
  <testcase classname="SeleniumTraning.tests.EcommerceApplicationTests" name="purchaseOrderValidation" time="10.714"/>
  <testcase classname="SeleniumTraning.tests.EcommerceApplicationTests" name="submitOrder" time="23.085"/>
  <testcase classname="SeleniumTraning.tests.EcommerceApplicationTests" name="submitOrder" time="21.405"/>
</testsuite> <!-- SeleniumTraning.tests.EcommerceApplicationTests -->
