<?xml version="1.0" encoding="UTF-8"?>
<!-- Generated by org.testng.reporters.JUnitReportReporter -->
<testsuite hostname="Santoshs-MacBook-Pro.local" failures="0" tests="1" name="SeleniumTraning.tests.FileUploadDownload" time="8.679" errors="0" timestamp="2024-03-06T12:04:18 CST" skipped="0">
  <testcase classname="SeleniumTraning.tests.FileUploadDownload" name="fileUploadTestCase" time="8.679"/>
</testsuite> <!-- SeleniumTraning.tests.FileUploadDownload -->
