<?xml version="1.0" encoding="UTF-8"?>
<!-- Generated by org.testng.reporters.JUnitReportReporter -->
<testsuite hostname="Santoshs-MacBook-Pro.local" failures="0" tests="1" name="SeleniumTraning.tests.errorValidationLoginPage" time="8.410" errors="0" timestamp="23 Jan 2024 00:05:52 GMT" skipped="0">
  <testcase classname="SeleniumTraning.tests.errorValidationLoginPage" name="submitOrder" time="8.410"/>
</testsuite> <!-- SeleniumTraning.tests.errorValidationLoginPage -->
