<?xml version="1.0" encoding="UTF-8"?>
<!-- Generated by org.testng.reporters.JUnitReportReporter -->
<testsuite hostname="Santoshs-MacBook-Pro.local" failures="0" tests="4" name="SeleniumTraning.tests.EcommerceApplicationTests" time="54.110" errors="0" timestamp="2024-03-18T01:46:15 CDT" skipped="0">
  <testcase classname="SeleniumTraning.tests.EcommerceApplicationTests" name="submitOrder" time="21.138"/>
  <testcase classname="SeleniumTraning.tests.EcommerceApplicationTests" name="purchaseOrderValidation" time="6.506"/>
  <testcase classname="SeleniumTraning.tests.EcommerceApplicationTests" name="submitOrder" time="20.672"/>
  <testcase classname="SeleniumTraning.tests.EcommerceApplicationTests" name="purchaseOrderValidation" time="5.794"/>
</testsuite> <!-- SeleniumTraning.tests.EcommerceApplicationTests -->
