<?xml version="1.0" encoding="UTF-8"?>
<!-- Generated by org.testng.reporters.JUnitReportReporter -->
<testsuite hostname="Santoshs-MacBook-Pro.local" failures="0" tests="4" name="SeleniumTraning.tests.StandAlonePageObjectTest" time="46.167" errors="0" timestamp="2024-03-05T10:53:03 CST" skipped="0">
  <testcase classname="SeleniumTraning.tests.StandAlonePageObjectTest" name="submitOrder" time="10.927"/>
  <system-out/>
  <testcase classname="SeleniumTraning.tests.StandAlonePageObjectTest" name="purchaseOrderValidation" time="9.368"/>
  <system-out/>
  <testcase classname="SeleniumTraning.tests.StandAlonePageObjectTest" name="submitOrder" time="19.958"/>
  <system-out/>
  <testcase classname="SeleniumTraning.tests.StandAlonePageObjectTest" name="purchaseOrderValidation" time="5.914"/>
  <system-out/>
</testsuite> <!-- SeleniumTraning.tests.StandAlonePageObjectTest -->
