<?xml version="1.0" encoding="UTF-8"?>
<!-- Generated by org.testng.reporters.JUnitReportReporter -->
<testsuite hostname="Santoshs-MacBook-Pro.local" failures="0" tests="2" name="SeleniumTraning.tests.errorValidationLoginPageTest" time="25.840" errors="0" timestamp="2024-02-27T02:37:05 CST" skipped="0">
  <testcase classname="SeleniumTraning.tests.errorValidationLoginPageTest" name="LoginErrorValidation" time="7.044"/>
  <system-out/>
  <testcase classname="SeleniumTraning.tests.errorValidationLoginPageTest" name="productErrorValidation" time="18.796"/>
  <system-out/>
</testsuite> <!-- SeleniumTraning.tests.errorValidationLoginPageTest -->
