<?xml version="1.0" encoding="UTF-8"?>
<!-- Generated by org.testng.reporters.JUnitReportReporter -->
<testsuite hostname="Santoshs-MacBook-Pro.local" failures="0" tests="4" name="SeleniumTraning.tests.StandAlonePageObjectTest" time="62.714" errors="0" timestamp="2024-02-13T11:51:26 CST" skipped="0">
  <testcase classname="SeleniumTraning.tests.StandAlonePageObjectTest" name="purchaseOrderValidation" time="8.056"/>
  <system-out/>
  <testcase classname="SeleniumTraning.tests.StandAlonePageObjectTest" name="purchaseOrderValidation" time="11.999"/>
  <system-out/>
  <testcase classname="SeleniumTraning.tests.StandAlonePageObjectTest" name="submitOrder" time="20.074"/>
  <system-out/>
  <testcase classname="SeleniumTraning.tests.StandAlonePageObjectTest" name="submitOrder" time="22.585"/>
  <system-out/>
</testsuite> <!-- SeleniumTraning.tests.StandAlonePageObjectTest -->
