<?xml version="1.0" encoding="UTF-8"?>
<!-- Generated by org.testng.reporters.JUnitReportReporter -->
<testsuite hostname="Santoshs-MacBook-Pro.local" failures="0" tests="1" name="SeleniumTraning.tests.DatabaseTest" time="6.127" errors="0" timestamp="2024-03-11T23:59:31 CDT" skipped="0">
  <testcase classname="SeleniumTraning.tests.DatabaseTest" name="dbSampleTest" time="6.127"/>
</testsuite> <!-- SeleniumTraning.tests.DatabaseTest -->
