<?xml version="1.0" encoding="UTF-8"?>
<!-- Generated by org.testng.reporters.JUnitReportReporter -->
<testsuite hostname="Santoshs-MacBook-Pro.local" failures="0" tests="1" name="SeleniumTraning.tests.CDPToolsTest" time="3.831" errors="0" timestamp="2024-03-20T00:58:46 CDT" skipped="0">
  <testcase classname="SeleniumTraning.tests.CDPToolsTest" name="ConsoleLogsCapture" time="3.831"/>
</testsuite> <!-- SeleniumTraning.tests.CDPToolsTest -->
