<?xml version="1.0" encoding="UTF-8"?>
<!-- Generated by org.testng.reporters.JUnitReportReporter -->
<testsuite hostname="Santoshs-MacBook-Pro.local" failures="0" tests="1" name="SeleniumTraning.tests.FileConversionExcelToPDF" time="7.066" errors="0" timestamp="2024-03-12T22:10:16 CDT" skipped="0">
  <testcase classname="SeleniumTraning.tests.FileConversionExcelToPDF" name="FileConversionExcelToPDFTC" time="7.066"/>
</testsuite> <!-- SeleniumTraning.tests.FileConversionExcelToPDF -->
