<?xml version="1.0" encoding="UTF-8"?>
<!-- Generated by org.testng.reporters.JUnitReportReporter -->
<testsuite hostname="Santoshs-MacBook-Pro.local" failures="0" tests="2" name="SeleniumTraning.tests.errorValidationLoginPageTest" time="14.974" errors="0" timestamp="2024-03-05T10:53:03 CST" skipped="0">
  <testcase classname="SeleniumTraning.tests.errorValidationLoginPageTest" name="productErrorValidation" time="9.515"/>
  <system-out/>
  <testcase classname="SeleniumTraning.tests.errorValidationLoginPageTest" name="LoginErrorValidation" time="5.459"/>
  <system-out/>
</testsuite> <!-- SeleniumTraning.tests.errorValidationLoginPageTest -->
