<?xml version="1.0" encoding="UTF-8"?>
<!-- Generated by org.testng.reporters.JUnitReportReporter -->
<testsuite hostname="Santoshs-MacBook-Pro.local" failures="0" tests="1" name="cucumber.TestNGTestRunner" time="21.918" errors="0" timestamp="2024-02-14T02:58:03 CST" skipped="0">
  <testcase classname="cucumber.TestNGTestRunner" name="runScenario" time="21.918"/>
  <system-out/>
</testsuite> <!-- cucumber.TestNGTestRunner -->
