<?xml version="1.0" encoding="UTF-8"?>
<!-- Generated by org.testng.reporters.JUnitReportReporter -->
<testsuite hostname="Santoshs-MacBook-Pro.local" failures="0" tests="2" name="SeleniumTraning.tests.errorValidationLoginPageTest" time="38.734" errors="0" timestamp="2024-02-13T16:58:38 CST" skipped="0">
  <testcase classname="SeleniumTraning.tests.errorValidationLoginPageTest" name="LoginErrorValidation" time="7.479"/>
  <system-out/>
  <testcase classname="SeleniumTraning.tests.errorValidationLoginPageTest" name="productErrorValidation" time="31.255"/>
  <system-out/>
</testsuite> <!-- SeleniumTraning.tests.errorValidationLoginPageTest -->
