<?xml version="1.0" encoding="UTF-8"?>
<!-- Generated by org.testng.reporters.JUnitReportReporter -->
<testsuite hostname="Santoshs-MacBook-Pro.local" failures="0" tests="4" name="SeleniumTraning.tests.StandAlonePageObjectTest" time="83.380" errors="0" timestamp="2024-02-13T16:58:38 CST" skipped="0">
  <testcase classname="SeleniumTraning.tests.StandAlonePageObjectTest" name="submitOrder" time="33.003"/>
  <system-out/>
  <testcase classname="SeleniumTraning.tests.StandAlonePageObjectTest" name="purchaseOrderValidation" time="7.945"/>
  <system-out/>
  <testcase classname="SeleniumTraning.tests.StandAlonePageObjectTest" name="purchaseOrderValidation" time="7.009"/>
  <system-out/>
  <testcase classname="SeleniumTraning.tests.StandAlonePageObjectTest" name="submitOrder" time="35.423"/>
  <system-out/>
</testsuite> <!-- SeleniumTraning.tests.StandAlonePageObjectTest -->
